<?xml version="1.0" encoding="UTF-8"?>
<testsuite xmlns:xsi="http://www.w3.org/2001/XMLSchema-instance" xsi:noNamespaceSchemaLocation="https://maven.apache.org/surefire/maven-surefire-plugin/xsd/surefire-test-report.xsd" name="me.boukadi.CalculatorTest" time="0.036" tests="2" errors="0" skipped="0" failures="1">
  <properties>
[...]
</properties>
  <testcase name="circleArea" classname="me.boukadi.CalculatorTest" time="0.012"/>
  <testcase name="add" classname="me.boukadi.CalculatorTest" time="0.014">
    <failure message="should add two numbers ==&gt; expected: &lt;9&gt; but was: &lt;4&gt;" type="org.opentest4j.AssertionFailedError"><![CDATA[org.opentest4j.AssertionFailedError: should add two numbers ==> expected: <9> but was: <4>
	at me.boukadi.CalculatorTest.add(CalculatorTest.java:14)
]]></failure>
  </testcase>
</testsuite>